{"status": "failed", "name": "run turtlebot3 in a static gazebo world cafe", "labels": [{"name": "severity", "value": "normal"}, {"name": "feature", "value": "test turtlebot3 navigation"}, {"name": "framework", "value": "behave"}, {"name": "language", "value": "cpython2"}], "stop": 1633518897163, "historyId": "5424f7f1c7cd1fda709bcf7e30640073", "start": 1633518866067, "steps": [{"status": "passed", "start": 1633518866068, "stop": 1633518866069, "name": "Given create a launch file with package name \"test_simulation\" and launch file name \"my_world_master.launch\""}, {"status": "passed", "start": 1633518866069, "stop": 1633518896915, "name": "Then Perform Catkin make, setup bash & roslaunch"}, {"status": "failed", "start": 1633518896917, "stop": 1633518897157, "name": "When Gazebo has launched successfully", "statusDetails": {"message": "AssertionError\n", "trace": "  File \"/home/meenakshi/anaconda2/lib/python2.7/site-packages/behave/model.py\", line 1329, in run\n    match.run(runner.context)\n  File \"/home/meenakshi/anaconda2/lib/python2.7/site-packages/behave/matchers.py\", line 98, in run\n    self.func(context, *args, **kwargs)\n  File \"steps/teststeps.py\", line 161, in checkforprocess\n    assert False\n"}}, {"status": "skipped", "start": 1633518897163, "stop": 1633518897163, "name": "Then create a run file with package name \"test_simulation\" and file name \"test_point_test.py\" with params \"1 0 180\""}, {"status": "skipped", "start": 1633518897163, "stop": 1633518897163, "name": "Then Run rorun for turtlebot3 navigation test"}], "statusDetails": {"message": "AssertionError\n", "trace": "  File \"/home/meenakshi/anaconda2/lib/python2.7/site-packages/behave/model.py\", line 1329, in run\n    match.run(runner.context)\n  File \"/home/meenakshi/anaconda2/lib/python2.7/site-packages/behave/matchers.py\", line 98, in run\n    self.func(context, *args, **kwargs)\n  File \"steps/teststeps.py\", line 161, in checkforprocess\n    assert False\n"}, "uuid": "afb83938-14ff-419f-be6b-6b711f3d0af3"}