{"status": "failed", "name": "run turtlebot3 in a static gazebo world cafe", "labels": [{"name": "severity", "value": "normal"}, {"name": "feature", "value": "test turtlebot3 navigation"}, {"name": "framework", "value": "behave"}, {"name": "language", "value": "cpython2"}], "stop": 1633519941090, "historyId": "5424f7f1c7cd1fda709bcf7e30640073", "start": 1633519910441, "steps": [{"status": "passed", "start": 1633519910442, "stop": 1633519910443, "name": "Given create a launch file with package name \"test_simulation\" and launch file name \"my_world_master.launch\""}, {"status": "passed", "start": 1633519910443, "stop": 1633519940851, "name": "Then Perform Catkin make, setup bash & roslaunch"}, {"status": "failed", "start": 1633519940852, "stop": 1633519941088, "name": "When Process \"roslaunch\" has launched successfully", "statusDetails": {"message": "AssertionError\n", "trace": "  File \"/home/meenakshi/anaconda2/lib/python2.7/site-packages/behave/model.py\", line 1329, in run\n    match.run(runner.context)\n  File \"/home/meenakshi/anaconda2/lib/python2.7/site-packages/behave/matchers.py\", line 98, in run\n    self.func(context, *args, **kwargs)\n  File \"steps/teststeps.py\", line 162, in checkforprocess\n    assert False\n"}}, {"status": "skipped", "start": 1633519941089, "stop": 1633519941089, "name": "Then create a run file with package name \"test_simulation\" and file name \"test_point_test.py\" with params \"1 0 180\""}, {"status": "skipped", "start": 1633519941089, "stop": 1633519941089, "name": "Then Run rorun for turtlebot3 navigation test"}, {"status": "skipped", "start": 1633519941090, "stop": 1633519941090, "name": "When Process \"python\" has launched successfully"}], "statusDetails": {"message": "AssertionError\n", "trace": "  File \"/home/meenakshi/anaconda2/lib/python2.7/site-packages/behave/model.py\", line 1329, in run\n    match.run(runner.context)\n  File \"/home/meenakshi/anaconda2/lib/python2.7/site-packages/behave/matchers.py\", line 98, in run\n    self.func(context, *args, **kwargs)\n  File \"steps/teststeps.py\", line 162, in checkforprocess\n    assert False\n"}, "uuid": "90f2a9d9-d169-46b5-b0be-034865f9dc54"}