{"status": "failed", "name": "run turtlebot3 in a static gazebo world cafe", "labels": [{"name": "severity", "value": "normal"}, {"name": "feature", "value": "test turtlebot3 navigation"}, {"name": "framework", "value": "behave"}, {"name": "language", "value": "cpython2"}], "stop": 1633520548039, "historyId": "5424f7f1c7cd1fda709bcf7e30640073", "start": 1633520475931, "steps": [{"status": "passed", "start": 1633520475932, "stop": 1633520475933, "name": "Given create a launch file with package name \"test_simulation\" and launch file name \"my_world_master.launch\""}, {"status": "passed", "start": 1633520475933, "stop": 1633520506237, "name": "Then Perform Catkin make, setup bash & roslaunch"}, {"status": "passed", "start": 1633520506239, "stop": 1633520506440, "name": "When Process \"roslaunch\" has launched successfully"}, {"status": "passed", "start": 1633520506440, "stop": 1633520506447, "name": "Then create a run file with package name \"test_simulation\" and file name \"test_point_test.py\" with params \"1 0 180\""}, {"status": "failed", "start": 1633520506447, "stop": 1633520548038, "name": "Then Run rorun for turtlebot3 navigation test", "statusDetails": {"message": "AssertionError\n", "trace": "  File \"/home/meenakshi/anaconda2/lib/python2.7/site-packages/behave/model.py\", line 1329, in run\n    match.run(runner.context)\n  File \"/home/meenakshi/anaconda2/lib/python2.7/site-packages/behave/matchers.py\", line 98, in run\n    self.func(context, *args, **kwargs)\n  File \"steps/teststeps.py\", line 123, in step_impl\n    assert False#assert context.failed is False\n"}}, {"status": "skipped", "start": 1633520548039, "stop": 1633520548039, "name": "When Process \"python\" has launched successfully"}], "statusDetails": {"message": "AssertionError\n", "trace": "  File \"/home/meenakshi/anaconda2/lib/python2.7/site-packages/behave/model.py\", line 1329, in run\n    match.run(runner.context)\n  File \"/home/meenakshi/anaconda2/lib/python2.7/site-packages/behave/matchers.py\", line 98, in run\n    self.func(context, *args, **kwargs)\n  File \"steps/teststeps.py\", line 123, in step_impl\n    assert False#assert context.failed is False\n"}, "uuid": "73af67a7-94fa-4964-ad92-f8f34b032682"}