{"status": "failed", "name": "run a simple test", "labels": [{"name": "severity", "value": "normal"}, {"name": "feature", "value": "showing off behave"}, {"name": "framework", "value": "behave"}, {"name": "language", "value": "cpython2"}], "stop": 1633208699155, "historyId": "d9e346002b63349ad51101a347ad958c", "start": 1633208699153, "steps": [{"status": "passed", "start": 1633208699154, "stop": 1633208699154, "name": "Given we have behave installed"}, {"status": "passed", "start": 1633208699154, "stop": 1633208699154, "name": "When we implement a test"}, {"status": "failed", "start": 1633208699155, "stop": 1633208699155, "name": "Then behave will test it for us!", "statusDetails": {"message": "AssertionError\n", "trace": "  File \"/home/meenakshi/anaconda2/lib/python2.7/site-packages/behave/model.py\", line 1329, in run\n    match.run(runner.context)\n  File \"/home/meenakshi/anaconda2/lib/python2.7/site-packages/behave/matchers.py\", line 98, in run\n    self.func(context, *args, **kwargs)\n  File \"steps/teststeps.py\", line 19, in step_impl\n    assert context.failed is False\n"}}], "statusDetails": {"message": "AssertionError\n", "trace": "  File \"/home/meenakshi/anaconda2/lib/python2.7/site-packages/behave/model.py\", line 1329, in run\n    match.run(runner.context)\n  File \"/home/meenakshi/anaconda2/lib/python2.7/site-packages/behave/matchers.py\", line 98, in run\n    self.func(context, *args, **kwargs)\n  File \"steps/teststeps.py\", line 19, in step_impl\n    assert context.failed is False\n"}, "uuid": "e08040ee-9a93-445c-b5c1-a34887fba872"}