{"status": "failed", "name": "run turtlebot3 in a static gazebo world cafe", "labels": [{"name": "severity", "value": "normal"}, {"name": "feature", "value": "test turtlebot3 navigation"}, {"name": "framework", "value": "behave"}, {"name": "language", "value": "cpython2"}], "stop": 1633523003131, "historyId": "5424f7f1c7cd1fda709bcf7e30640073", "start": 1633522972452, "steps": [{"status": "passed", "start": 1633522972453, "stop": 1633522972454, "name": "Given create a launch file with package name \"test_simulation\" and launch file name \"my_world_master.launch\""}, {"status": "passed", "start": 1633522972455, "stop": 1633523002906, "name": "Then Perform Catkin make, setup bash & roslaunch"}, {"status": "failed", "start": 1633523002908, "stop": 1633523003130, "name": "When Process \"roslaunch\" has launched successfully", "statusDetails": {"message": "AssertionError\n", "trace": "  File \"/home/meenakshi/anaconda2/lib/python2.7/site-packages/behave/model.py\", line 1329, in run\n    match.run(runner.context)\n  File \"/home/meenakshi/anaconda2/lib/python2.7/site-packages/behave/matchers.py\", line 98, in run\n    self.func(context, *args, **kwargs)\n  File \"steps/teststeps.py\", line 169, in checkforprocess\n    assert False\n"}}, {"status": "skipped", "start": 1633523003131, "stop": 1633523003131, "name": "Then create a run file with package name \"test_simulation\" and file name \"test_point_test.py\" with params \"1 0 180\""}, {"status": "skipped", "start": 1633523003131, "stop": 1633523003131, "name": "Then Run rorun for turtlebot3 navigation test"}], "statusDetails": {"message": "AssertionError\n", "trace": "  File \"/home/meenakshi/anaconda2/lib/python2.7/site-packages/behave/model.py\", line 1329, in run\n    match.run(runner.context)\n  File \"/home/meenakshi/anaconda2/lib/python2.7/site-packages/behave/matchers.py\", line 98, in run\n    self.func(context, *args, **kwargs)\n  File \"steps/teststeps.py\", line 169, in checkforprocess\n    assert False\n"}, "uuid": "0416fde2-1087-495e-b869-2c083175d5dd"}