{"status": "failed", "name": "run turtlebot3 in a static gazebo world cafe", "labels": [{"name": "severity", "value": "normal"}, {"name": "feature", "value": "test turtlebot3 navigation"}, {"name": "framework", "value": "behave"}, {"name": "language", "value": "cpython2"}], "stop": 1633519711487, "historyId": "5424f7f1c7cd1fda709bcf7e30640073", "start": 1633519680879, "steps": [{"status": "passed", "start": 1633519680880, "stop": 1633519680881, "name": "Given create a launch file with package name \"test_simulation\" and launch file name \"my_world_master.launch\""}, {"status": "passed", "start": 1633519680881, "stop": 1633519711250, "name": "Then Perform Catkin make, setup bash & roslaunch"}, {"status": "failed", "start": 1633519711252, "stop": 1633519711477, "name": "When Process \"Roslaunch\" has launched successfully", "statusDetails": {"message": "AssertionError\n", "trace": "  File \"/home/meenakshi/anaconda2/lib/python2.7/site-packages/behave/model.py\", line 1329, in run\n    match.run(runner.context)\n  File \"/home/meenakshi/anaconda2/lib/python2.7/site-packages/behave/matchers.py\", line 98, in run\n    self.func(context, *args, **kwargs)\n  File \"steps/teststeps.py\", line 162, in checkforprocess\n    assert False\n"}}, {"status": "skipped", "start": 1633519711482, "stop": 1633519711482, "name": "Then create a run file with package name \"test_simulation\" and file name \"test_point_test.py\" with params \"1 0 180\""}, {"status": "skipped", "start": 1633519711482, "stop": 1633519711482, "name": "Then Run rorun for turtlebot3 navigation test"}, {"status": "skipped", "start": 1633519711487, "stop": 1633519711487, "name": "When Process \"python\" has launched successfully"}], "statusDetails": {"message": "AssertionError\n", "trace": "  File \"/home/meenakshi/anaconda2/lib/python2.7/site-packages/behave/model.py\", line 1329, in run\n    match.run(runner.context)\n  File \"/home/meenakshi/anaconda2/lib/python2.7/site-packages/behave/matchers.py\", line 98, in run\n    self.func(context, *args, **kwargs)\n  File \"steps/teststeps.py\", line 162, in checkforprocess\n    assert False\n"}, "uuid": "506728e5-5971-4768-abf9-9890393e8ccb"}