{"status": "failed", "name": "run turtlebot3 in an gazebo world for obstacle avoidance test", "labels": [{"name": "severity", "value": "normal"}, {"name": "feature", "value": "showing off behave"}, {"name": "framework", "value": "behave"}, {"name": "language", "value": "cpython2"}], "stop": 1634339672790, "historyId": "3cf5c0dbd5b9e5add2db60f20f4be305", "start": 1634339660195, "steps": [{"status": "passed", "start": 1634339660195, "stop": 1634339660196, "name": "Given create a launch file with package name \"turtlebot3_gazebo\" and launch file name \"turtlebot3_world.launch\""}, {"status": "passed", "start": 1634339660197, "stop": 1634339671579, "name": "Then Perform Catkin make, setup bash & roslaunch"}, {"status": "failed", "start": 1634339671584, "stop": 1634339672787, "name": "When Process \"roslaunch\" has launched successfully", "statusDetails": {"message": "AssertionError\n", "trace": "  File \"/home/meenakshi/anaconda2/lib/python2.7/site-packages/behave/model.py\", line 1329, in run\n    match.run(runner.context)\n  File \"/home/meenakshi/anaconda2/lib/python2.7/site-packages/behave/matchers.py\", line 98, in run\n    self.func(context, *args, **kwargs)\n  File \"../steps/teststeps.py\", line 198, in checkforprocess\n    assert False\n"}}, {"status": "skipped", "start": 1634339672789, "stop": 1634339672789, "name": "Then create a run file with package name \"test_simulation\" and file name \"test_avoid_obstacle.py\" with params \"\""}, {"status": "skipped", "start": 1634339672790, "stop": 1634339672790, "name": "Then Run rorun for turtlebot3 OT test"}, {"status": "skipped", "start": 1634339672790, "stop": 1634339672790, "name": "Then Finally close all terminals and exit execution"}, {"status": "skipped", "start": 1634339672790, "stop": 1634339672790, "name": "Then Open reports"}], "statusDetails": {"message": "AssertionError\n", "trace": "  File \"/home/meenakshi/anaconda2/lib/python2.7/site-packages/behave/model.py\", line 1329, in run\n    match.run(runner.context)\n  File \"/home/meenakshi/anaconda2/lib/python2.7/site-packages/behave/matchers.py\", line 98, in run\n    self.func(context, *args, **kwargs)\n  File \"../steps/teststeps.py\", line 198, in checkforprocess\n    assert False\n"}, "uuid": "164f086d-103a-4a98-9914-4d02dd61784e"}