{"status": "failed", "name": "run turtlebot3 in an empty gazebo world", "labels": [{"name": "severity", "value": "normal"}, {"name": "feature", "value": "test turtlebot3 navigation"}, {"name": "framework", "value": "behave"}, {"name": "language", "value": "cpython2"}], "stop": 1634293515384, "historyId": "3f84b5d62f1df104de57774618cfdce9", "start": 1634293483363, "steps": [{"status": "passed", "start": 1634293483364, "stop": 1634293483371, "name": "Given create a launch file with package name \"test_simulation\" and launch file name \"my_world_master.launch\""}, {"status": "passed", "start": 1634293483371, "stop": 1634293515229, "name": "Then Perform Catkin make, setup bash & roslaunch"}, {"status": "failed", "start": 1634293515230, "stop": 1634293515382, "name": "When Process \"roslaunch\" has launched successfully", "statusDetails": {"message": "AssertionError\n", "trace": "  File \"/home/meenakshi/anaconda2/lib/python2.7/site-packages/behave/model.py\", line 1329, in run\n    match.run(runner.context)\n  File \"/home/meenakshi/anaconda2/lib/python2.7/site-packages/behave/matchers.py\", line 98, in run\n    self.func(context, *args, **kwargs)\n  File \"../steps/teststeps.py\", line 169, in checkforprocess\n    assert False\n"}}, {"status": "skipped", "start": 1634293515384, "stop": 1634293515384, "name": "Then create a run file with package name \"test_simulation\" and file name \"test_point_test.py\" with params \"1 0 180\""}, {"status": "skipped", "start": 1634293515384, "stop": 1634293515384, "name": "Then Run rorun for turtlebot3 navigation test"}, {"status": "skipped", "start": 1634293515384, "stop": 1634293515384, "name": "Then Finally close all terminals and exit execution"}], "statusDetails": {"message": "AssertionError\n", "trace": "  File \"/home/meenakshi/anaconda2/lib/python2.7/site-packages/behave/model.py\", line 1329, in run\n    match.run(runner.context)\n  File \"/home/meenakshi/anaconda2/lib/python2.7/site-packages/behave/matchers.py\", line 98, in run\n    self.func(context, *args, **kwargs)\n  File \"../steps/teststeps.py\", line 169, in checkforprocess\n    assert False\n"}, "uuid": "139663c6-62da-452c-a85b-ffe8ffee89ba"}